Determining if the pthread_create exist failed with the following output:
Change Dir: /root/ws/build/CMakeFiles/CMakeTmp

Run Build Command:"/usr/bin/make" "cmTC_7ec4b/fast"
/usr/bin/make -f CMakeFiles/cmTC_7ec4b.dir/build.make CMakeFiles/cmTC_7ec4b.dir/build
make[1]: Entering directory '/root/ws/build/CMakeFiles/CMakeTmp'
Building C object CMakeFiles/cmTC_7ec4b.dir/CheckSymbolExists.c.o
/usr/bin/cc    -o CMakeFiles/cmTC_7ec4b.dir/CheckSymbolExists.c.o   -c /root/ws/build/CMakeFiles/CMakeTmp/CheckSymbolExists.c
Linking C executable cmTC_7ec4b
/usr/bin/cmake -E cmake_link_script CMakeFiles/cmTC_7ec4b.dir/link.txt --verbose=1
/usr/bin/cc      -rdynamic CMakeFiles/cmTC_7ec4b.dir/CheckSymbolExists.c.o  -o cmTC_7ec4b 
CMakeFiles/cmTC_7ec4b.dir/CheckSymbolExists.c.o: In function `main':
CheckSymbolExists.c:(.text+0x1b): undefined reference to `pthread_create'
collect2: error: ld returned 1 exit status
CMakeFiles/cmTC_7ec4b.dir/build.make:97: recipe for target 'cmTC_7ec4b' failed
make[1]: *** [cmTC_7ec4b] Error 1
make[1]: Leaving directory '/root/ws/build/CMakeFiles/CMakeTmp'
Makefile:126: recipe for target 'cmTC_7ec4b/fast' failed
make: *** [cmTC_7ec4b/fast] Error 2

File /root/ws/build/CMakeFiles/CMakeTmp/CheckSymbolExists.c:
/* */
#include <pthread.h>

int main(int argc, char** argv)
{
  (void)argv;
#ifndef pthread_create
  return ((int*)(&pthread_create))[argc];
#else
  (void)argc;
  return 0;
#endif
}

Determining if the function pthread_create exists in the pthreads failed with the following output:
Change Dir: /root/ws/build/CMakeFiles/CMakeTmp

Run Build Command:"/usr/bin/make" "cmTC_d70ff/fast"
/usr/bin/make -f CMakeFiles/cmTC_d70ff.dir/build.make CMakeFiles/cmTC_d70ff.dir/build
make[1]: Entering directory '/root/ws/build/CMakeFiles/CMakeTmp'
Building C object CMakeFiles/cmTC_d70ff.dir/CheckFunctionExists.c.o
/usr/bin/cc   -DCHECK_FUNCTION_EXISTS=pthread_create   -o CMakeFiles/cmTC_d70ff.dir/CheckFunctionExists.c.o   -c /usr/share/cmake-3.10/Modules/CheckFunctionExists.c
Linking C executable cmTC_d70ff
/usr/bin/cmake -E cmake_link_script CMakeFiles/cmTC_d70ff.dir/link.txt --verbose=1
/usr/bin/cc  -DCHECK_FUNCTION_EXISTS=pthread_create    -rdynamic CMakeFiles/cmTC_d70ff.dir/CheckFunctionExists.c.o  -o cmTC_d70ff -lpthreads 
/usr/bin/ld: cannot find -lpthreads
collect2: error: ld returned 1 exit status
CMakeFiles/cmTC_d70ff.dir/build.make:97: recipe for target 'cmTC_d70ff' failed
make[1]: *** [cmTC_d70ff] Error 1
make[1]: Leaving directory '/root/ws/build/CMakeFiles/CMakeTmp'
Makefile:126: recipe for target 'cmTC_d70ff/fast' failed
make: *** [cmTC_d70ff/fast] Error 2


